<?xml version="1.0" encoding="UTF-8"?>
<coverage generated="1519836431793" clover="3.2.0">
  <project timestamp="1519836431793" name="All files">
    <metrics statements="56" coveredstatements="44" conditionals="16" coveredconditionals="12" methods="22" coveredmethods="18" elements="94" coveredelements="74" complexity="0" loc="56" ncloc="56" packages="3" files="12" classes="12">
      <package name="src">
        <metrics statements="11" coveredstatements="1" conditionals="4" coveredconditionals="0" methods="1" coveredmethods="0"/>
        <file name="index.js" path="C:\Users\paramjit.sandhu\Desktop\React-Testing-Certification\lootcheck-with-react-redux-jest-enzyme\src\index.js">
          <metrics statements="10" coveredstatements="0" conditionals="4" coveredconditionals="0" methods="1" coveredmethods="0"/>
          <line num="1" count="0" type="stmt"/>
          <line num="2" count="0" type="stmt"/>
          <line num="3" count="0" type="stmt"/>
          <line num="4" count="0" type="stmt"/>
          <line num="5" count="0" type="stmt"/>
          <line num="6" count="0" type="stmt"/>
          <line num="7" count="0" type="stmt"/>
          <line num="8" count="0" type="cond" truecount="0" falsecount="4"/>
          <line num="10" count="0" type="stmt"/>
          <line num="12" count="0" type="stmt"/>
        </file>
        <file name="setupTests.js" path="C:\Users\paramjit.sandhu\Desktop\React-Testing-Certification\lootcheck-with-react-redux-jest-enzyme\src\setupTests.js">
          <metrics statements="1" coveredstatements="1" conditionals="0" coveredconditionals="0" methods="0" coveredmethods="0"/>
          <line num="4" count="8" type="stmt"/>
        </file>
      </package>
      <package name="src.components">
        <metrics statements="16" coveredstatements="14" conditionals="2" coveredconditionals="2" methods="11" coveredmethods="9"/>
        <file name="App.js" path="C:\Users\paramjit.sandhu\Desktop\React-Testing-Certification\lootcheck-with-react-redux-jest-enzyme\src\components\App.js">
          <metrics statements="2" coveredstatements="2" conditionals="0" coveredconditionals="0" methods="1" coveredmethods="1"/>
          <line num="5" count="1" type="stmt"/>
          <line num="6" count="1" type="stmt"/>
        </file>
        <file name="Loot.js" path="C:\Users\paramjit.sandhu\Desktop\React-Testing-Certification\lootcheck-with-react-redux-jest-enzyme\src\components\Loot.js">
          <metrics statements="7" coveredstatements="6" conditionals="2" coveredconditionals="2" methods="4" coveredmethods="3"/>
          <line num="8" count="2" type="stmt"/>
          <line num="12" count="2" type="stmt"/>
          <line num="13" count="2" type="cond" truecount="2" falsecount="0"/>
          <line num="14" count="1" type="stmt"/>
          <line num="16" count="1" type="stmt"/>
          <line num="21" count="2" type="stmt"/>
          <line num="29" count="0" type="stmt"/>
        </file>
        <file name="Wallet.js" path="C:\Users\paramjit.sandhu\Desktop\React-Testing-Certification\lootcheck-with-react-redux-jest-enzyme\src\components\Wallet.js">
          <metrics statements="7" coveredstatements="6" conditionals="0" coveredconditionals="0" methods="6" coveredmethods="5"/>
          <line num="8" count="1" type="stmt"/>
          <line num="9" count="1" type="stmt"/>
          <line num="13" count="3" type="stmt"/>
          <line num="14" count="1" type="stmt"/>
          <line num="15" count="1" type="stmt"/>
          <line num="18" count="4" type="stmt"/>
          <line num="31" count="0" type="stmt"/>
        </file>
      </package>
      <package name="src.store">
        <metrics statements="29" coveredstatements="29" conditionals="10" coveredconditionals="10" methods="10" coveredmethods="9"/>
        <file name="SampleApiData.js" path="C:\Users\paramjit.sandhu\Desktop\React-Testing-Certification\lootcheck-with-react-redux-jest-enzyme\src\store\SampleApiData.js">
          <metrics statements="1" coveredstatements="1" conditionals="0" coveredconditionals="0" methods="0" coveredmethods="0"/>
          <line num="1" count="3" type="stmt"/>
        </file>
        <file name="actions.js" path="C:\Users\paramjit.sandhu\Desktop\React-Testing-Certification\lootcheck-with-react-redux-jest-enzyme\src\store\actions.js">
          <metrics statements="4" coveredstatements="4" conditionals="0" coveredconditionals="0" methods="4" coveredmethods="3"/>
          <line num="3" count="3" type="stmt"/>
          <line num="8" count="3" type="stmt"/>
          <line num="13" count="3" type="stmt"/>
          <line num="18" count="3" type="stmt"/>
        </file>
        <file name="bitcoin.js" path="C:\Users\paramjit.sandhu\Desktop\React-Testing-Certification\lootcheck-with-react-redux-jest-enzyme\src\store\bitcoin.js">
          <metrics statements="5" coveredstatements="5" conditionals="0" coveredconditionals="0" methods="4" coveredmethods="4"/>
          <line num="3" count="3" type="stmt"/>
          <line num="4" count="1" type="stmt"/>
          <line num="5" count="1" type="stmt"/>
          <line num="6" count="1" type="stmt"/>
          <line num="7" count="1" type="stmt"/>
        </file>
        <file name="bitcoinReducer.js" path="C:\Users\paramjit.sandhu\Desktop\React-Testing-Certification\lootcheck-with-react-redux-jest-enzyme\src\store\bitcoinReducer.js">
          <metrics statements="4" coveredstatements="4" conditionals="3" coveredconditionals="3" methods="1" coveredmethods="1"/>
          <line num="3" count="2" type="stmt"/>
          <line num="8" count="4" type="cond" truecount="2" falsecount="0"/>
          <line num="11" count="1" type="stmt"/>
          <line num="14" count="3" type="stmt"/>
        </file>
        <file name="constants.js" path="C:\Users\paramjit.sandhu\Desktop\React-Testing-Certification\lootcheck-with-react-redux-jest-enzyme\src\store\constants.js">
          <metrics statements="4" coveredstatements="4" conditionals="0" coveredconditionals="0" methods="0" coveredmethods="0"/>
          <line num="1" count="8" type="stmt"/>
          <line num="2" count="8" type="stmt"/>
          <line num="3" count="8" type="stmt"/>
          <line num="4" count="8" type="stmt"/>
        </file>
        <file name="indexReducers.js" path="C:\Users\paramjit.sandhu\Desktop\React-Testing-Certification\lootcheck-with-react-redux-jest-enzyme\src\store\indexReducers.js">
          <metrics statements="0" coveredstatements="0" conditionals="0" coveredconditionals="0" methods="0" coveredmethods="0"/>
        </file>
        <file name="reducers.js" path="C:\Users\paramjit.sandhu\Desktop\React-Testing-Certification\lootcheck-with-react-redux-jest-enzyme\src\store\reducers.js">
          <metrics statements="11" coveredstatements="11" conditionals="7" coveredconditionals="7" methods="1" coveredmethods="1"/>
          <line num="4" count="2" type="stmt"/>
          <line num="10" count="7" type="cond" truecount="4" falsecount="0"/>
          <line num="13" count="1" type="stmt"/>
          <line num="14" count="1" type="stmt"/>
          <line num="16" count="1" type="stmt"/>
          <line num="17" count="1" type="stmt"/>
          <line num="19" count="1" type="stmt"/>
          <line num="20" count="1" type="stmt"/>
          <line num="22" count="4" type="cond" truecount="2" falsecount="0"/>
          <line num="24" count="7" type="stmt"/>
          <line num="26" count="7" type="stmt"/>
        </file>
      </package>
    </metrics>
  </project>
</coverage>
