{"C:\\Users\\paramjit.sandhu\\Desktop\\React-Testing-Certification\\lootcheck-with-react-redux-jest-enzyme\\src\\index.js": {"path":"C:\\Users\\paramjit.sandhu\\Desktop\\React-Testing-Certification\\lootcheck-with-react-redux-jest-enzyme\\src\\index.js","statementMap":{"0":{"start":{"line":1,"column":32},"end":{"line":1,"column":153}},"1":{"start":{"line":1,"column":167},"end":{"line":1,"column":183}},"2":{"start":{"line":1,"column":198},"end":{"line":1,"column":228}},"3":{"start":{"line":2,"column":16},"end":{"line":2,"column":36}},"4":{"start":{"line":3,"column":11},"end":{"line":3,"column":38}},"5":{"start":{"line":3,"column":51},"end":{"line":3,"column":79}},"6":{"start":{"line":4,"column":13},"end":{"line":4,"column":29}},"7":{"start":{"line":5,"column":18},"end":{"line":5,"column":40}},"8":{"start":{"line":5,"column":60},"end":{"line":5,"column":95}},"9":{"start":{"line":6,"column":18},"end":{"line":6,"column":40}},"10":{"start":{"line":7,"column":21},"end":{"line":7,"column":53}},"11":{"start":{"line":7,"column":76},"end":{"line":7,"column":114}},"12":{"start":{"line":8,"column":0},"end":{"line":8,"column":23}},"13":{"start":{"line":8,"column":61},"end":{"line":8,"column":115}},"14":{"start":{"line":10,"column":14},"end":{"line":10,"column":113}},"15":{"start":{"line":12,"column":0},"end":{"line":17,"column":33}}},"fnMap":{"0":{"name":"_interopRequireDefault","decl":{"start":{"line":8,"column":32},"end":{"line":8,"column":54}},"loc":{"start":{"line":8,"column":60},"end":{"line":8,"column":116}},"line":8}},"branchMap":{"0":{"loc":{"start":{"line":8,"column":68},"end":{"line":8,"column":114}},"type":"cond-expr","locations":[{"start":{"line":8,"column":92},"end":{"line":8,"column":95}},{"start":{"line":8,"column":98},"end":{"line":8,"column":114}}],"line":8},"1":{"loc":{"start":{"line":8,"column":68},"end":{"line":8,"column":89}},"type":"binary-expr","locations":[{"start":{"line":8,"column":68},"end":{"line":8,"column":71}},{"start":{"line":8,"column":75},"end":{"line":8,"column":89}}],"line":8}},"s":{"0":0,"1":0,"2":0,"3":0,"4":0,"5":0,"6":0,"7":0,"8":0,"9":0,"10":0,"11":0,"12":0,"13":0,"14":0,"15":0},"f":{"0":0},"b":{"0":[0,0],"1":[0,0]}}
,"C:\\Users\\paramjit.sandhu\\Desktop\\React-Testing-Certification\\lootcheck-with-react-redux-jest-enzyme\\src\\setupTests.js": {"path":"C:\\Users\\paramjit.sandhu\\Desktop\\React-Testing-Certification\\lootcheck-with-react-redux-jest-enzyme\\src\\setupTests.js","statementMap":{"0":{"start":{"line":4,"column":0},"end":{"line":4,"column":38}}},"fnMap":{},"branchMap":{},"s":{"0":8},"f":{},"b":{},"_coverageSchema":"332fd63041d2c1bcb487cc26dd0d5f7d97098a6c","hash":"d4b64941a11bf1423acda35d7d10a38e0f09b739"}
,"C:\\Users\\paramjit.sandhu\\Desktop\\React-Testing-Certification\\lootcheck-with-react-redux-jest-enzyme\\src\\components\\App.js": {"path":"C:\\Users\\paramjit.sandhu\\Desktop\\React-Testing-Certification\\lootcheck-with-react-redux-jest-enzyme\\src\\components\\App.js","statementMap":{"0":{"start":{"line":5,"column":12},"end":{"line":14,"column":1}},"1":{"start":{"line":6,"column":4},"end":{"line":13,"column":5}}},"fnMap":{"0":{"name":"(anonymous_0)","decl":{"start":{"line":5,"column":12},"end":{"line":5,"column":13}},"loc":{"start":{"line":5,"column":18},"end":{"line":14,"column":1}},"line":5}},"branchMap":{},"s":{"0":1,"1":1},"f":{"0":1},"b":{},"_coverageSchema":"332fd63041d2c1bcb487cc26dd0d5f7d97098a6c","hash":"130d2d7467e5befc15c44393a349af0d4f29d24a"}
,"C:\\Users\\paramjit.sandhu\\Desktop\\React-Testing-Certification\\lootcheck-with-react-redux-jest-enzyme\\src\\components\\Loot.js": {"path":"C:\\Users\\paramjit.sandhu\\Desktop\\React-Testing-Certification\\lootcheck-with-react-redux-jest-enzyme\\src\\components\\Loot.js","statementMap":{"0":{"start":{"line":8,"column":8},"end":{"line":8,"column":34}},"1":{"start":{"line":12,"column":28},"end":{"line":12,"column":38}},"2":{"start":{"line":13,"column":8},"end":{"line":17,"column":13}},"3":{"start":{"line":14,"column":12},"end":{"line":14,"column":21}},"4":{"start":{"line":16,"column":16},"end":{"line":16,"column":116}},"5":{"start":{"line":21,"column":8},"end":{"line":25,"column":10}},"6":{"start":{"line":29,"column":33},"end":{"line":29,"column":38}}},"fnMap":{"0":{"name":"(anonymous_0)","decl":{"start":{"line":7,"column":4},"end":{"line":7,"column":5}},"loc":{"start":{"line":7,"column":23},"end":{"line":9,"column":5}},"line":7},"1":{"name":"(anonymous_1)","decl":{"start":{"line":11,"column":22},"end":{"line":11,"column":23}},"loc":{"start":{"line":11,"column":28},"end":{"line":18,"column":5}},"line":11},"2":{"name":"(anonymous_2)","decl":{"start":{"line":20,"column":4},"end":{"line":20,"column":5}},"loc":{"start":{"line":20,"column":13},"end":{"line":26,"column":5}},"line":20},"3":{"name":"(anonymous_3)","decl":{"start":{"line":29,"column":24},"end":{"line":29,"column":25}},"loc":{"start":{"line":29,"column":33},"end":{"line":29,"column":38}},"line":29}},"branchMap":{"0":{"loc":{"start":{"line":13,"column":8},"end":{"line":17,"column":13}},"type":"if","locations":[{"start":{"line":13,"column":8},"end":{"line":17,"column":13}},{"start":{"line":13,"column":8},"end":{"line":17,"column":13}}],"line":13}},"s":{"0":2,"1":2,"2":2,"3":1,"4":1,"5":2,"6":0},"f":{"0":2,"1":2,"2":2,"3":0},"b":{"0":[1,1]},"_coverageSchema":"332fd63041d2c1bcb487cc26dd0d5f7d97098a6c","hash":"c73ef39edd055797923db51b0252938aca6b7ae3"}
,"C:\\Users\\paramjit.sandhu\\Desktop\\React-Testing-Certification\\lootcheck-with-react-redux-jest-enzyme\\src\\components\\Wallet.js": {"path":"C:\\Users\\paramjit.sandhu\\Desktop\\React-Testing-Certification\\lootcheck-with-react-redux-jest-enzyme\\src\\components\\Wallet.js","statementMap":{"0":{"start":{"line":8,"column":8},"end":{"line":8,"column":16}},"1":{"start":{"line":9,"column":8},"end":{"line":9,"column":44}},"2":{"start":{"line":13,"column":31},"end":{"line":13,"column":88}},"3":{"start":{"line":14,"column":21},"end":{"line":14,"column":61}},"4":{"start":{"line":15,"column":22},"end":{"line":15,"column":63}},"5":{"start":{"line":18,"column":8},"end":{"line":26,"column":10}},"6":{"start":{"line":31,"column":35},"end":{"line":31,"column":66}}},"fnMap":{"0":{"name":"(anonymous_0)","decl":{"start":{"line":7,"column":4},"end":{"line":7,"column":5}},"loc":{"start":{"line":7,"column":17},"end":{"line":11,"column":5}},"line":7},"1":{"name":"(anonymous_1)","decl":{"start":{"line":13,"column":20},"end":{"line":13,"column":21}},"loc":{"start":{"line":13,"column":31},"end":{"line":13,"column":88}},"line":13},"2":{"name":"(anonymous_2)","decl":{"start":{"line":14,"column":15},"end":{"line":14,"column":16}},"loc":{"start":{"line":14,"column":21},"end":{"line":14,"column":61}},"line":14},"3":{"name":"(anonymous_3)","decl":{"start":{"line":15,"column":16},"end":{"line":15,"column":17}},"loc":{"start":{"line":15,"column":22},"end":{"line":15,"column":63}},"line":15},"4":{"name":"(anonymous_4)","decl":{"start":{"line":17,"column":4},"end":{"line":17,"column":5}},"loc":{"start":{"line":17,"column":13},"end":{"line":27,"column":5}},"line":17},"5":{"name":"(anonymous_5)","decl":{"start":{"line":31,"column":24},"end":{"line":31,"column":25}},"loc":{"start":{"line":31,"column":33},"end":{"line":31,"column":68}},"line":31}},"branchMap":{},"s":{"0":1,"1":1,"2":3,"3":1,"4":1,"5":4,"6":0},"f":{"0":1,"1":3,"2":1,"3":1,"4":4,"5":0},"b":{},"_coverageSchema":"332fd63041d2c1bcb487cc26dd0d5f7d97098a6c","hash":"f5aa19091e77b26cb6cdae83f65fc1f5834ca2ac"}
,"C:\\Users\\paramjit.sandhu\\Desktop\\React-Testing-Certification\\lootcheck-with-react-redux-jest-enzyme\\src\\store\\SampleApiData.js": {"path":"C:\\Users\\paramjit.sandhu\\Desktop\\React-Testing-Certification\\lootcheck-with-react-redux-jest-enzyme\\src\\store\\SampleApiData.js","statementMap":{"0":{"start":{"line":1,"column":28},"end":{"line":22,"column":1}}},"fnMap":{},"branchMap":{},"s":{"0":3},"f":{},"b":{},"_coverageSchema":"332fd63041d2c1bcb487cc26dd0d5f7d97098a6c","hash":"d18af45cb25a9214c1f6cd1d6f3d0ab5a5af5f51"}
,"C:\\Users\\paramjit.sandhu\\Desktop\\React-Testing-Certification\\lootcheck-with-react-redux-jest-enzyme\\src\\store\\actions.js": {"path":"C:\\Users\\paramjit.sandhu\\Desktop\\React-Testing-Certification\\lootcheck-with-react-redux-jest-enzyme\\src\\store\\actions.js","statementMap":{"0":{"start":{"line":3,"column":26},"end":{"line":6,"column":2}},"1":{"start":{"line":3,"column":40},"end":{"line":6,"column":1}},"2":{"start":{"line":8,"column":23},"end":{"line":11,"column":2}},"3":{"start":{"line":8,"column":37},"end":{"line":11,"column":1}},"4":{"start":{"line":13,"column":24},"end":{"line":16,"column":2}},"5":{"start":{"line":13,"column":39},"end":{"line":16,"column":1}},"6":{"start":{"line":18,"column":30},"end":{"line":21,"column":2}},"7":{"start":{"line":18,"column":44},"end":{"line":21,"column":1}}},"fnMap":{"0":{"name":"(anonymous_0)","decl":{"start":{"line":3,"column":26},"end":{"line":3,"column":27}},"loc":{"start":{"line":3,"column":40},"end":{"line":6,"column":1}},"line":3},"1":{"name":"(anonymous_1)","decl":{"start":{"line":8,"column":23},"end":{"line":8,"column":24}},"loc":{"start":{"line":8,"column":37},"end":{"line":11,"column":1}},"line":8},"2":{"name":"(anonymous_2)","decl":{"start":{"line":13,"column":24},"end":{"line":13,"column":25}},"loc":{"start":{"line":13,"column":39},"end":{"line":16,"column":1}},"line":13},"3":{"name":"(anonymous_3)","decl":{"start":{"line":18,"column":30},"end":{"line":18,"column":31}},"loc":{"start":{"line":18,"column":44},"end":{"line":21,"column":1}},"line":18}},"branchMap":{},"s":{"0":3,"1":1,"2":3,"3":1,"4":3,"5":1,"6":3,"7":0},"f":{"0":1,"1":1,"2":1,"3":0},"b":{},"_coverageSchema":"332fd63041d2c1bcb487cc26dd0d5f7d97098a6c","hash":"3f742109d7a5a7415a49e722adc06ae008c82cfe"}
,"C:\\Users\\paramjit.sandhu\\Desktop\\React-Testing-Certification\\lootcheck-with-react-redux-jest-enzyme\\src\\store\\bitcoin.js": {"path":"C:\\Users\\paramjit.sandhu\\Desktop\\React-Testing-Certification\\lootcheck-with-react-redux-jest-enzyme\\src\\store\\bitcoin.js","statementMap":{"0":{"start":{"line":3,"column":28},"end":{"line":9,"column":1}},"1":{"start":{"line":4,"column":4},"end":{"line":8,"column":5}},"2":{"start":{"line":5,"column":8},"end":{"line":7,"column":75}},"3":{"start":{"line":6,"column":26},"end":{"line":6,"column":41}},"4":{"start":{"line":7,"column":22},"end":{"line":7,"column":74}}},"fnMap":{"0":{"name":"(anonymous_0)","decl":{"start":{"line":3,"column":28},"end":{"line":3,"column":29}},"loc":{"start":{"line":3,"column":34},"end":{"line":9,"column":1}},"line":3},"1":{"name":"(anonymous_1)","decl":{"start":{"line":4,"column":11},"end":{"line":4,"column":12}},"loc":{"start":{"line":4,"column":23},"end":{"line":8,"column":5}},"line":4},"2":{"name":"(anonymous_2)","decl":{"start":{"line":6,"column":14},"end":{"line":6,"column":15}},"loc":{"start":{"line":6,"column":26},"end":{"line":6,"column":41}},"line":6},"3":{"name":"(anonymous_3)","decl":{"start":{"line":7,"column":14},"end":{"line":7,"column":15}},"loc":{"start":{"line":7,"column":22},"end":{"line":7,"column":74}},"line":7}},"branchMap":{},"s":{"0":3,"1":1,"2":1,"3":1,"4":1},"f":{"0":1,"1":1,"2":1,"3":1},"b":{},"_coverageSchema":"332fd63041d2c1bcb487cc26dd0d5f7d97098a6c","hash":"2111732ed53ea0503cfa5d61d7bf4bf62ca4d398"}
,"C:\\Users\\paramjit.sandhu\\Desktop\\React-Testing-Certification\\lootcheck-with-react-redux-jest-enzyme\\src\\store\\bitcoinReducer.js": {"path":"C:\\Users\\paramjit.sandhu\\Desktop\\React-Testing-Certification\\lootcheck-with-react-redux-jest-enzyme\\src\\store\\bitcoinReducer.js","statementMap":{"0":{"start":{"line":3,"column":21},"end":{"line":5,"column":1}},"1":{"start":{"line":8,"column":2},"end":{"line":15,"column":3}},"2":{"start":{"line":11,"column":4},"end":{"line":11,"column":26}},"3":{"start":{"line":14,"column":4},"end":{"line":14,"column":16}}},"fnMap":{"0":{"name":"(anonymous_0)","decl":{"start":{"line":7,"column":15},"end":{"line":7,"column":16}},"loc":{"start":{"line":7,"column":49},"end":{"line":16,"column":1}},"line":7}},"branchMap":{"0":{"loc":{"start":{"line":7,"column":16},"end":{"line":7,"column":36}},"type":"default-arg","locations":[{"start":{"line":7,"column":24},"end":{"line":7,"column":36}}],"line":7},"1":{"loc":{"start":{"line":8,"column":2},"end":{"line":15,"column":3}},"type":"switch","locations":[{"start":{"line":10,"column":2},"end":{"line":11,"column":26}},{"start":{"line":13,"column":2},"end":{"line":14,"column":16}}],"line":8}},"s":{"0":2,"1":4,"2":1,"3":3},"f":{"0":4},"b":{"0":[3],"1":[1,3]},"_coverageSchema":"332fd63041d2c1bcb487cc26dd0d5f7d97098a6c","hash":"9a0a4f8ed73795685fac09b198566965fdf1fe6f"}
,"C:\\Users\\paramjit.sandhu\\Desktop\\React-Testing-Certification\\lootcheck-with-react-redux-jest-enzyme\\src\\store\\constants.js": {"path":"C:\\Users\\paramjit.sandhu\\Desktop\\React-Testing-Certification\\lootcheck-with-react-redux-jest-enzyme\\src\\store\\constants.js","statementMap":{"0":{"start":{"line":1,"column":27},"end":{"line":1,"column":40}},"1":{"start":{"line":2,"column":23},"end":{"line":2,"column":32}},"2":{"start":{"line":3,"column":24},"end":{"line":3,"column":34}},"3":{"start":{"line":4,"column":33},"end":{"line":4,"column":52}}},"fnMap":{},"branchMap":{},"s":{"0":8,"1":8,"2":8,"3":8},"f":{},"b":{},"_coverageSchema":"332fd63041d2c1bcb487cc26dd0d5f7d97098a6c","hash":"44c71d4744f6cc7f92405c6720ddfc4ce9ec5fc6"}
,"C:\\Users\\paramjit.sandhu\\Desktop\\React-Testing-Certification\\lootcheck-with-react-redux-jest-enzyme\\src\\store\\indexReducers.js": {"path":"C:\\Users\\paramjit.sandhu\\Desktop\\React-Testing-Certification\\lootcheck-with-react-redux-jest-enzyme\\src\\store\\indexReducers.js","statementMap":{},"fnMap":{},"branchMap":{},"s":{},"f":{},"b":{},"_coverageSchema":"332fd63041d2c1bcb487cc26dd0d5f7d97098a6c","hash":"c5acd2cbd565e87e161f2ac35e743b20a2df0b2e"}
,"C:\\Users\\paramjit.sandhu\\Desktop\\React-Testing-Certification\\lootcheck-with-react-redux-jest-enzyme\\src\\store\\reducers.js": {"path":"C:\\Users\\paramjit.sandhu\\Desktop\\React-Testing-Certification\\lootcheck-with-react-redux-jest-enzyme\\src\\store\\reducers.js","statementMap":{"0":{"start":{"line":4,"column":23},"end":{"line":4,"column":39}},"1":{"start":{"line":10,"column":2},"end":{"line":23,"column":3}},"2":{"start":{"line":13,"column":4},"end":{"line":13,"column":29}},"3":{"start":{"line":14,"column":4},"end":{"line":14,"column":10}},"4":{"start":{"line":16,"column":4},"end":{"line":16,"column":38}},"5":{"start":{"line":17,"column":4},"end":{"line":17,"column":9}},"6":{"start":{"line":19,"column":4},"end":{"line":19,"column":39}},"7":{"start":{"line":20,"column":4},"end":{"line":20,"column":9}},"8":{"start":{"line":22,"column":4},"end":{"line":22,"column":64}},"9":{"start":{"line":24,"column":2},"end":{"line":24,"column":39}},"10":{"start":{"line":26,"column":2},"end":{"line":26,"column":17}}},"fnMap":{"0":{"name":"(anonymous_0)","decl":{"start":{"line":7,"column":15},"end":{"line":7,"column":16}},"loc":{"start":{"line":7,"column":38},"end":{"line":27,"column":1}},"line":7}},"branchMap":{"0":{"loc":{"start":{"line":7,"column":16},"end":{"line":7,"column":25}},"type":"default-arg","locations":[{"start":{"line":7,"column":24},"end":{"line":7,"column":25}}],"line":7},"1":{"loc":{"start":{"line":10,"column":2},"end":{"line":23,"column":3}},"type":"switch","locations":[{"start":{"line":12,"column":2},"end":{"line":14,"column":10}},{"start":{"line":15,"column":2},"end":{"line":17,"column":9}},{"start":{"line":18,"column":4},"end":{"line":20,"column":9}},{"start":{"line":21,"column":2},"end":{"line":22,"column":64}}],"line":10},"2":{"loc":{"start":{"line":22,"column":14},"end":{"line":22,"column":63}},"type":"binary-expr","locations":[{"start":{"line":22,"column":14},"end":{"line":22,"column":54}},{"start":{"line":22,"column":58},"end":{"line":22,"column":63}}],"line":22}},"s":{"0":2,"1":7,"2":1,"3":1,"4":1,"5":1,"6":1,"7":1,"8":4,"9":7,"10":7},"f":{"0":7},"b":{"0":[5],"1":[1,1,1,4],"2":[4,3]},"_coverageSchema":"332fd63041d2c1bcb487cc26dd0d5f7d97098a6c","hash":"db18124afae6d9304a59d88b788528a137864dce"}
}
