TN:
SF:C:\Users\paramjit.sandhu\Desktop\React-Testing-Certification\lootcheck-with-react-redux-jest-enzyme\src\index.js
FN:8,_interopRequireDefault
FNF:1
FNH:0
FNDA:0,_interopRequireDefault
DA:1,0
DA:2,0
DA:3,0
DA:4,0
DA:5,0
DA:6,0
DA:7,0
DA:8,0
DA:10,0
DA:12,0
LF:10
LH:0
BRDA:8,0,0,0
BRDA:8,0,1,0
BRDA:8,1,0,0
BRDA:8,1,1,0
BRF:4
BRH:0
end_of_record
TN:
SF:C:\Users\paramjit.sandhu\Desktop\React-Testing-Certification\lootcheck-with-react-redux-jest-enzyme\src\setupTests.js
FNF:0
FNH:0
DA:4,8
LF:1
LH:1
BRF:0
BRH:0
end_of_record
TN:
SF:C:\Users\paramjit.sandhu\Desktop\React-Testing-Certification\lootcheck-with-react-redux-jest-enzyme\src\components\App.js
FN:5,(anonymous_0)
FNF:1
FNH:1
FNDA:1,(anonymous_0)
DA:5,1
DA:6,1
LF:2
LH:2
BRF:0
BRH:0
end_of_record
TN:
SF:C:\Users\paramjit.sandhu\Desktop\React-Testing-Certification\lootcheck-with-react-redux-jest-enzyme\src\components\Loot.js
FN:7,(anonymous_0)
FN:11,(anonymous_1)
FN:20,(anonymous_2)
FN:29,(anonymous_3)
FNF:4
FNH:3
FNDA:2,(anonymous_0)
FNDA:2,(anonymous_1)
FNDA:2,(anonymous_2)
FNDA:0,(anonymous_3)
DA:8,2
DA:12,2
DA:13,2
DA:14,1
DA:16,1
DA:21,2
DA:29,0
LF:7
LH:6
BRDA:13,0,0,1
BRDA:13,0,1,1
BRF:2
BRH:2
end_of_record
TN:
SF:C:\Users\paramjit.sandhu\Desktop\React-Testing-Certification\lootcheck-with-react-redux-jest-enzyme\src\components\Wallet.js
FN:7,(anonymous_0)
FN:13,(anonymous_1)
FN:14,(anonymous_2)
FN:15,(anonymous_3)
FN:17,(anonymous_4)
FN:31,(anonymous_5)
FNF:6
FNH:5
FNDA:1,(anonymous_0)
FNDA:3,(anonymous_1)
FNDA:1,(anonymous_2)
FNDA:1,(anonymous_3)
FNDA:4,(anonymous_4)
FNDA:0,(anonymous_5)
DA:8,1
DA:9,1
DA:13,3
DA:14,1
DA:15,1
DA:18,4
DA:31,0
LF:7
LH:6
BRF:0
BRH:0
end_of_record
TN:
SF:C:\Users\paramjit.sandhu\Desktop\React-Testing-Certification\lootcheck-with-react-redux-jest-enzyme\src\store\SampleApiData.js
FNF:0
FNH:0
DA:1,3
LF:1
LH:1
BRF:0
BRH:0
end_of_record
TN:
SF:C:\Users\paramjit.sandhu\Desktop\React-Testing-Certification\lootcheck-with-react-redux-jest-enzyme\src\store\actions.js
FN:3,(anonymous_0)
FN:8,(anonymous_1)
FN:13,(anonymous_2)
FN:18,(anonymous_3)
FNF:4
FNH:3
FNDA:1,(anonymous_0)
FNDA:1,(anonymous_1)
FNDA:1,(anonymous_2)
FNDA:0,(anonymous_3)
DA:3,3
DA:8,3
DA:13,3
DA:18,3
LF:4
LH:4
BRF:0
BRH:0
end_of_record
TN:
SF:C:\Users\paramjit.sandhu\Desktop\React-Testing-Certification\lootcheck-with-react-redux-jest-enzyme\src\store\bitcoin.js
FN:3,(anonymous_0)
FN:4,(anonymous_1)
FN:6,(anonymous_2)
FN:7,(anonymous_3)
FNF:4
FNH:4
FNDA:1,(anonymous_0)
FNDA:1,(anonymous_1)
FNDA:1,(anonymous_2)
FNDA:1,(anonymous_3)
DA:3,3
DA:4,1
DA:5,1
DA:6,1
DA:7,1
LF:5
LH:5
BRF:0
BRH:0
end_of_record
TN:
SF:C:\Users\paramjit.sandhu\Desktop\React-Testing-Certification\lootcheck-with-react-redux-jest-enzyme\src\store\bitcoinReducer.js
FN:7,(anonymous_0)
FNF:1
FNH:1
FNDA:4,(anonymous_0)
DA:3,2
DA:8,4
DA:11,1
DA:14,3
LF:4
LH:4
BRDA:7,0,0,3
BRDA:8,1,0,1
BRDA:8,1,1,3
BRF:3
BRH:3
end_of_record
TN:
SF:C:\Users\paramjit.sandhu\Desktop\React-Testing-Certification\lootcheck-with-react-redux-jest-enzyme\src\store\constants.js
FNF:0
FNH:0
DA:1,8
DA:2,8
DA:3,8
DA:4,8
LF:4
LH:4
BRF:0
BRH:0
end_of_record
TN:
SF:C:\Users\paramjit.sandhu\Desktop\React-Testing-Certification\lootcheck-with-react-redux-jest-enzyme\src\store\indexReducers.js
FNF:0
FNH:0
LF:0
LH:0
BRF:0
BRH:0
end_of_record
TN:
SF:C:\Users\paramjit.sandhu\Desktop\React-Testing-Certification\lootcheck-with-react-redux-jest-enzyme\src\store\reducers.js
FN:7,(anonymous_0)
FNF:1
FNH:1
FNDA:7,(anonymous_0)
DA:4,2
DA:10,7
DA:13,1
DA:14,1
DA:16,1
DA:17,1
DA:19,1
DA:20,1
DA:22,4
DA:24,7
DA:26,7
LF:11
LH:11
BRDA:7,0,0,5
BRDA:10,1,0,1
BRDA:10,1,1,1
BRDA:10,1,2,1
BRDA:10,1,3,4
BRDA:22,2,0,4
BRDA:22,2,1,3
BRF:7
BRH:7
end_of_record
